<?xml version="1.0" encoding="UTF-8"?>
<!-- Generated by org.testng.reporters.JUnitReportReporter -->
<testsuite skipped="0" hostname="DESKTOP-UIGGJ75" name="MagentoTest" tests="1" failures="0" timestamp="22 Jan 2019 07:43:44 GMT" time="40.078" errors="0">
  <testcase name="magento" time="40.078" classname="MagentoTest"/>
</testsuite> <!-- MagentoTest -->
